2024-05-14 18:18:06	7a111ac6-c483-4bba-8ebe-c22fc6e1f04c	GET	/categories	undefined
2024-05-14 18:34:37	0f3d460b-50da-4c3a-8744-6bd97e216543	GET	/categories	undefined
2024-05-14 18:34:37	8dfd5921-7801-4782-ab39-9a3b6e8fa2d1	GET	/favicon.ico	undefined
2024-05-14 18:43:46	4ba11fac-ccf1-4ec6-a59a-6b0edd412ab1	GET	/categories	http://localhost:5173
2024-05-14 19:08:29	1f440a66-faa3-4ca2-87e4-a55e794f84f4	GET	/categories	undefined
2024-05-14 19:10:18	25dc8df9-66b1-4461-b14c-e3281e9ed52c	GET	/categories	undefined
2024-05-14 19:10:30	e7c33253-ffd2-456c-ae03-ce1f315b2c27	GET	/categories	undefined
2024-05-14 19:10:38	1ecc444d-4a7c-4ee3-979f-733ebb394cd8	GET	/	undefined
2024-05-14 19:36:26	14ea1785-9eca-427c-be2d-b076ebcc9e86	GET	/categories	http://localhost:5173
2024-05-14 20:24:30	4a19ae69-5399-44aa-a8d0-83f0f37c6a60	GET	/categories	http://localhost:5173
2024-05-14 21:37:01	77385369-9aa9-4a30-846f-0df5bb5ee042	GET	/categories	http://localhost:5173
2024-05-14 22:02:06	9105045c-6db7-47fb-9b7d-6eca5f174e65	GET	/categories	http://localhost:5173
2024-05-14 22:46:57	03e237ef-c378-4090-897c-5c08336c090b	GET	/categories	undefined
2024-05-14 22:47:00	214c8ddd-9074-4f61-b645-fcb9158a419a	GET	/categories	http://localhost:5173
2024-05-14 23:05:05	2bbe65f7-7ff3-4557-a1fc-7f8b620992c5	GET	/categories	http://localhost:5173
2024-05-15 09:01:49	719e7575-d2bc-4f9a-90a2-4bde43c47c7d	GET	/categories	http://localhost:5173
2024-05-15 09:18:11	f1e7de8a-3f2b-4a55-a506-d9676dffd982	GET	/categories	http://localhost:5173
2024-05-15 18:31:36	91166b1c-ac7d-4ee1-90c3-b7dc35e16954	GET	/categories	http://localhost:5173
2024-05-15 19:33:27	1346c6c7-0e4d-4574-8fa6-20233d879f56	GET	/categories	http://localhost:5173
2024-05-15 19:33:44	856e1b57-10f2-434b-bbf8-51447a68c807	GET	/categories	http://localhost:5173
2024-05-15 19:33:52	df4d3b7f-254b-4b19-b391-a8fd3101890d	GET	/categories	http://localhost:5173
2024-05-15 19:35:23	ca562780-fa7c-4c83-8039-a175b03aa6f5	GET	/categories	http://localhost:5173
2024-05-15 19:38:30	cb956f7d-a478-47ca-854f-fc9d97730444	GET	/categories	http://localhost:5173
2024-05-15 19:38:38	1d890bc4-9c71-4a48-af69-db654d1c62cb	GET	/categories	http://localhost:5173
2024-05-15 19:39:08	ac63221c-286a-47d0-b2e5-04f4adab6e1c	GET	/categories	http://localhost:5173
2024-05-15 19:44:01	5589b5f3-d162-40f5-9b59-45d5fc390d90	GET	/categories	http://localhost:5173
2024-05-15 19:44:27	1da10150-a4e3-4d7f-a330-ba4abe9841b3	GET	/subcategories	http://localhost:5173
2024-05-15 19:45:14	8a9d0fa4-a881-4b39-bead-6585a1023066	GET	/subcategories	http://localhost:5173
2024-05-15 19:45:14	7a49e790-74f7-4ec3-8c9c-1c0b19f2721f	GET	/categories	http://localhost:5173
2024-05-15 19:46:01	89aea854-0d71-4458-88d1-227bd28712c6	GET	/subcategories	http://localhost:5173
2024-05-15 19:46:01	4239a75f-240d-4aab-b0a8-37bcf15a94b5	GET	/categories	http://localhost:5173
2024-05-15 19:46:40	f3d7a75e-e6c6-422d-acc4-8001b4a95620	GET	/subcategories	http://localhost:5173
2024-05-15 19:46:40	094caae3-e16d-4324-90db-0020aeb46c2a	GET	/categories	http://localhost:5173
2024-05-15 20:45:55	a6165a6e-28a0-441e-b5bc-1a47f9533c9e	GET	/subcategories	http://localhost:5173
2024-05-15 20:45:55	02d04349-e2da-4197-8fd6-bc3025ee5bde	GET	/categories	http://localhost:5173
2024-05-15 22:57:25	d55f2264-a2dd-484f-92c9-b6e00d77033e	GET	/subcategories	http://localhost:5173
2024-05-15 22:57:25	d24a88e6-df8a-434b-bc0e-5ea8b81f74c5	GET	/categories	http://localhost:5173
2024-05-16 07:55:22	fe996577-5057-44e7-afc6-9961901e6c4c	GET	/categories	http://localhost:5173
2024-05-16 08:11:31	a85d694f-83f2-44d8-afd2-d44c82893623	GET	/categories	http://localhost:5173
2024-05-16 08:13:27	abe0c542-e82e-41cb-bf23-6a7cb7dac77f	GET	/categories	http://localhost:5173
2024-05-16 08:27:25	fc931ce5-600f-4e69-95dc-423f1e8951bd	GET	/categories	http://localhost:5173
2024-05-16 08:27:26	3983f1c3-b690-4a8a-9ee0-fb37a24c0373	GET	/categories	http://localhost:5173
2024-05-16 08:27:27	bc96750c-bcb0-4da6-bb70-1a72c9830125	GET	/categories	http://localhost:5173
2024-05-16 08:55:38	62edf8a6-7577-42ce-9960-dcc56378defd	GET	/categories	http://localhost:5173
2024-05-16 22:15:38	6626cb1f-3e1e-49e5-bb25-50ffbc78a536	GET	/categories	http://localhost:5173
2024-05-17 08:22:05	c47b528c-18da-4a82-adbe-75c79d6f59a7	GET	/subcategories	http://localhost:5173
2024-05-17 08:41:33	bf248a0c-3fce-4605-a947-d0b7904d0eee	GET	/subcategories	http://localhost:5173
2024-05-17 08:41:33	eedd51ab-873a-46af-94c9-721c1600305f	GET	/categories	http://localhost:5173
2024-05-17 08:42:43	5617c91d-f2da-434f-99e9-263583deef66	GET	/subcategories	http://localhost:5173
2024-05-17 08:42:43	981efd62-5d2a-495a-8b96-327155c4d51c	GET	/categories	http://localhost:5173
2024-05-17 08:44:09	518d4995-5af5-4e39-a75e-899c04afd3e9	GET	/categories	http://localhost:5173
2024-05-17 08:44:09	17a3d0ec-a401-47c2-9765-b85060cc67d0	GET	/subcategories	http://localhost:5173
2024-05-17 08:44:17	31caaeb1-eec7-436d-a28f-8d5a220ad013	GET	/categories	http://localhost:5173
2024-05-17 08:44:17	c044757b-cfe4-464a-8bc4-93aa60e19694	GET	/subcategories	http://localhost:5173
2024-05-17 08:44:18	2262b9bd-ad47-41ca-a7bd-ae3d8ef379ad	GET	/categories	http://localhost:5173
2024-05-17 08:44:18	5a2893de-2f88-4be7-a2c5-954c49aa4a38	GET	/subcategories	http://localhost:5173
2024-05-17 08:45:08	bc0bcf5d-a623-4a3b-8648-59aaf6b760d9	GET	/subcategories	http://localhost:5173
2024-05-17 08:45:08	c70ad564-9c46-49c9-9aa4-bfb8d3bd0db4	GET	/categories	http://localhost:5173
2024-05-17 08:46:42	732cbd19-27d8-4a30-97c2-35d04e177529	GET	/subcategories	http://localhost:5173
2024-05-17 08:46:42	597482e5-dc27-44dc-b0e3-80f803cc5d73	GET	/categories	http://localhost:5173
2024-05-17 08:46:42	d45a8045-8a5b-4a37-8338-33ac67477bdd	GET	/categories	http://localhost:5173
2024-05-17 08:46:42	f9bb0d2c-6ac7-4af4-becd-18c3336e5a45	GET	/subcategories	http://localhost:5173
2024-05-17 08:46:43	ed7a59d2-126c-4375-b7b4-ad1744f463a6	GET	/subcategories	http://localhost:5173
2024-05-17 08:46:43	ff829c6c-4bf4-47b3-9136-7b666054703e	GET	/categories	http://localhost:5173
2024-05-17 08:47:51	ba73d01a-72a0-4260-a562-8aec27e316ca	GET	/subcategories	http://localhost:5173
2024-05-17 08:47:51	56984680-24db-4b27-825a-732cc6baa9df	GET	/categories	http://localhost:5173
2024-05-17 08:48:19	8575e2d2-802c-4eb3-b10a-03bb267650f0	GET	/categories	http://localhost:5173
2024-05-17 08:48:19	4644b2cd-32ae-42c0-865e-3c5417934c14	GET	/subcategories	http://localhost:5173
2024-05-17 08:49:49	1a50303e-52ae-49fd-a256-262cb00866e7	GET	/categories	http://localhost:5173
2024-05-17 08:49:49	3e327c70-2a5c-4c3f-9d96-bd6a21e9aa6b	GET	/subcategories	http://localhost:5173
2024-05-17 08:50:21	20886fbc-c2d1-4147-bbea-0d8397cd5b90	GET	/categories	http://localhost:5173
2024-05-17 08:50:21	4a930ec5-3cb0-4785-b286-52ebd5ad43df	GET	/subcategories	http://localhost:5173
2024-05-17 08:55:11	50e16605-170d-4fd7-8bc5-44e80e7f02af	GET	/categories	http://localhost:5173
2024-05-17 08:55:11	d1c6b438-458d-4689-8eda-314460118cc7	GET	/subcategories	http://localhost:5173
2024-05-17 08:55:46	53df1379-af9d-4d72-ad1d-3226ade68885	GET	/categories	http://localhost:5173
2024-05-17 08:55:46	486d8a5f-a38c-47d9-8e6d-80817f3fb883	GET	/subcategories	http://localhost:5173
2024-05-17 08:55:59	24b33708-56b3-40b8-bb1a-ebf86500d41d	GET	/subcategories	http://localhost:5173
2024-05-17 08:55:59	ed5dd6a2-e4de-4fa0-9476-3d23bef9aa84	GET	/categories	http://localhost:5173
2024-05-17 08:56:10	edaadbbe-346e-4105-b90f-2ec9c21c78d6	GET	/categories	http://localhost:5173
2024-05-17 08:56:10	14938f8c-fe45-4056-bff7-243523f21022	GET	/subcategories	http://localhost:5173
2024-05-17 09:02:10	8cbb1590-0c0e-4c96-a9b6-665863a56dd0	GET	/subcategories	http://localhost:5173
2024-05-17 09:02:10	114210c3-c1a4-44a2-b804-13c7efbdd1fc	GET	/categories	http://localhost:5173
2024-05-17 09:12:37	8fe85091-0af2-44c7-b7cd-25ba2ca39955	GET	/subcategories	http://localhost:5173
2024-05-17 09:12:37	0b631f53-0ffd-49a8-ac51-07a5ccb4bb5e	GET	/categories	http://localhost:5173
2024-05-18 00:33:23	0ded2ebb-f0ba-4aa4-8dd5-7222e09fd1bd	GET	/subcategories	http://localhost:5173
2024-05-18 00:33:23	7e5a4c71-2c72-4fe6-9942-8f4097defc46	GET	/categories	http://localhost:5173
2024-05-18 00:51:19	c4c4dc04-aaa4-4f30-adf5-a75ddf1faf1c	GET	/subcategories	http://localhost:5173
2024-05-18 00:51:19	2a1907fa-3eed-46a2-afb2-6113bfb2d7c9	GET	/categories	http://localhost:5173
2024-05-18 11:08:42	cca4129a-6d0f-4f23-ac31-485b215986c4	GET	/subcategories	http://localhost:5173
2024-05-18 11:08:42	f9543e46-3fe7-4b2e-ae65-0d0955819bb4	GET	/categories	http://localhost:5173
2024-05-18 11:14:32	ceb5ceb7-326e-488a-8929-313d34b6d76a	GET	/subcategories	http://localhost:5173
2024-05-18 11:14:32	0d466778-82f1-44d8-8d6e-47843f05f759	GET	/categories	http://localhost:5173
2024-05-18 11:19:55	f009defc-f845-49e2-a1d8-58afc432c397	GET	/categories	http://localhost:5173
2024-05-18 11:19:55	1c75557b-403b-403f-aead-d0f3b10a3ba0	GET	/subcategories	http://localhost:5173
2024-05-18 11:20:55	5293f221-9af3-4e34-89c3-0e245cf6d04d	GET	/subcategories	http://localhost:5173
2024-05-18 11:20:55	e9881685-5362-42a8-b847-ce3957bade29	GET	/categories	http://localhost:5173
2024-05-18 11:23:21	a0d56752-2f07-4084-9778-52104be91c24	GET	/categories	http://localhost:5173
2024-05-18 11:23:21	2cdc177a-e8b4-45cc-a1c8-07f2f24889be	GET	/subcategories	http://localhost:5173
2024-05-18 11:24:46	5e5033e9-55cb-48c4-ac9f-a9097fa12192	GET	/subcategories	http://localhost:5173
2024-05-18 11:24:46	3fbfea25-ca34-4e13-94fe-2469f7723373	GET	/categories	http://localhost:5173
2024-05-18 12:06:29	69593cf5-2ea6-47e1-bb51-d614c05b3554	GET	/subcategories	http://localhost:5173
2024-05-18 12:06:29	bc309799-b781-454d-92e1-00194e7659e7	GET	/categories	http://localhost:5173
2024-05-18 13:05:54	b4c63707-0f99-40d9-b9f9-df9faf041519	GET	/subcategories	undefined
2024-05-18 13:07:55	10fd658c-e7b5-4466-b605-c9744657a562	GET	/subcategories	undefined
2024-05-18 13:08:14	52ca8685-7fbb-488a-9b5b-1c26bb430395	GET	/subcategories	undefined
2024-05-18 13:09:15	d1e94762-d819-4815-8a82-2af00a56eb3b	GET	/subcategories	undefined
2024-05-18 13:09:36	fad1e8d2-6806-45f4-adf2-636798de7170	GET	/subcategories	undefined
2024-05-18 13:09:57	a0c83768-3ff9-4780-a7a9-7516c0935a81	GET	/categories	http://localhost:5173
2024-05-18 13:09:57	f3384738-648c-45ca-9bb8-ce4188a25102	GET	/subcategories	http://localhost:5173
2024-05-18 13:10:00	bd2ed865-a5c1-46dc-b4e8-2790577fe617	GET	/categories	http://localhost:5173
2024-05-18 13:10:00	ea8e2d64-404c-4b88-b2cc-e8e894096b2a	GET	/subcategories	http://localhost:5173
2024-05-18 13:11:09	3ea7b6d0-be1d-4d79-b4de-af977ec85089	GET	/subcategories	undefined
2024-05-18 13:11:23	854b22ef-370c-4519-951f-72d1dccabef6	GET	/subcategories	undefined
2024-05-18 13:11:47	c7b1dc8d-9ff1-47a5-a2e8-d3ffdacf75b8	GET	/subcategories	undefined
2024-05-18 13:12:02	324fe634-4339-450a-b4b5-6c3dcd2ab88d	GET	/subcategories	undefined
2024-05-18 13:12:20	aec1e156-1ded-4d66-a03b-4298f2d23927	GET	/subcategories	undefined
2024-05-18 13:12:33	c823d275-2532-4336-9bd9-4d385a396a09	GET	/subcategories	undefined
2024-05-18 13:12:52	ca342e00-ca59-4950-b73c-8f146c9b632d	GET	/subcategories	undefined
2024-05-18 13:13:01	77394d09-90a6-4925-afdc-e6e7bb10dea5	GET	/subcategories	undefined
2024-05-18 13:13:30	c7e0ca10-ee18-44c9-bf05-598defb3c494	GET	/subcategories	undefined
2024-05-18 13:13:48	da2b5220-3ad6-4e30-a242-9302520c3dc8	GET	/subcategories	undefined
2024-05-18 13:13:58	6947da07-6ef1-4ab1-99cf-681c6c35254e	GET	/subcategories	undefined
2024-05-18 13:14:28	35c76edd-70f4-490b-90f5-66a208c8e799	GET	/subcategories	undefined
2024-05-18 13:14:50	6efc0e0c-303e-4b3b-af44-47075e54216e	GET	/subcategories	http://localhost:5173
2024-05-18 13:14:50	534e8a18-5ad5-4c9f-bf4a-1942631758c0	GET	/categories	http://localhost:5173
2024-05-18 13:16:35	b802febe-f52a-4798-8f0e-135fe52eaf3b	GET	/categories	http://localhost:5173
2024-05-18 13:16:35	e7057773-70a5-4689-aaa1-d2c5024dcffc	GET	/subcategories	http://localhost:5173
2024-05-18 13:25:04	bc84627d-569e-43ab-bff2-68cb2de675fd	GET	/items	undefined
2024-05-18 13:26:02	92c124be-a3ab-4fc6-8d39-9e2cf30e30c9	GET	/items	undefined
2024-05-18 13:33:29	2feaa298-38d9-4e39-be14-bb1a0294f235	GET	/subcategories	http://localhost:5173
2024-05-18 13:33:29	9492c407-2f3b-4280-a40d-f1c17347d34e	GET	/categories	http://localhost:5173
2024-05-18 13:45:54	33f4236f-0978-413e-931a-5df32c2edbab	GET	/subcategories	http://localhost:5173
2024-05-18 13:45:54	05105225-aaed-47a5-b1f9-d985c7e10b09	GET	/categories	http://localhost:5173
2024-05-18 14:22:32	208498d4-9fbc-4837-a524-af858e3aed19	GET	/categories	http://localhost:5173
2024-05-18 14:22:32	0b587f15-03f8-417c-a21d-f2d5f74a3e0f	GET	/subcategories	http://localhost:5173
2024-05-18 14:33:03	d3dac982-c51d-4bc7-8bca-da565ec34a52	GET	/subcategories	http://localhost:5173
2024-05-18 14:33:03	4781d81b-7614-4c89-bef8-01a5b497e007	GET	/categories	http://localhost:5173
2024-05-18 14:47:23	29733b94-d274-4149-9668-d32ca5037bc4	GET	/categories	http://localhost:5173
2024-05-18 14:47:23	efba17c6-1997-4667-b02c-219a1b511ea0	GET	/subcategories	http://localhost:5173
2024-05-18 14:59:35	38fbf98a-b4ac-4d93-94e1-bf497d1cba44	GET	/categories	http://localhost:5173
2024-05-18 14:59:35	a18175ef-d87d-4510-a9f6-895cb2da5351	GET	/subcategories	http://localhost:5173
2024-05-18 15:16:26	db44d31d-6fa2-4327-8a54-2b4144b8be63	GET	/categories	http://localhost:5173
2024-05-18 15:16:26	b506ca9b-570d-41de-afd3-a2ee642ca7ef	GET	/subcategories	http://localhost:5173
2024-05-18 15:17:43	033585a3-4f38-49e5-836b-a49ac4aa143e	GET	/categories	http://localhost:5173
2024-05-18 15:17:43	80bdc05a-9c6a-4b88-9501-cba6a711b957	GET	/subcategories	http://localhost:5173
2024-05-18 15:18:36	153cc488-93ee-4a9d-8dd0-67482d0abd40	GET	/subcategories	http://localhost:5173
2024-05-18 15:18:36	aa994c09-81c8-41fd-a0bd-1c71195ff741	GET	/categories	http://localhost:5173
2024-05-18 15:19:54	a3ecdf03-bd91-472e-b770-4eaeab6bc476	GET	/categories	http://localhost:5173
2024-05-18 15:19:54	730eb2ba-96e9-4bb3-b457-19450b831f0b	GET	/subcategories	http://localhost:5173
2024-05-18 15:20:34	eee112e6-c203-4d12-a614-435b5958c76e	GET	/categories	http://localhost:5173
2024-05-18 15:20:34	6ac87827-1535-47fc-9fc8-7643e98931f0	GET	/subcategories	http://localhost:5173
2024-05-18 15:21:12	c9417699-02a5-4f9a-ac95-1f2faedabd27	GET	/categories	http://localhost:5173
2024-05-18 15:21:12	d39210e7-7a19-45cc-815f-abc1f1b75f23	GET	/subcategories	http://localhost:5173
2024-05-18 15:21:36	301ab1bc-d0d6-4638-ac6b-e2b8a6cb00b2	GET	/categories	http://localhost:5173
2024-05-18 15:21:36	5bf05a09-8ebe-43d7-9009-1a5150b85de0	GET	/subcategories	http://localhost:5173
2024-05-18 15:21:48	c7f9eea5-0ea9-4fca-b4b3-989f5cf180bf	GET	/categories	http://localhost:5173
2024-05-18 15:21:48	5158c842-5514-4720-830b-88e57a0cfa8a	GET	/subcategories	http://localhost:5173
2024-05-18 15:22:53	e7f4e01d-a0fb-4bcd-ae6c-e6980c6f1ff1	GET	/subcategories	http://localhost:5173
2024-05-18 15:22:53	a5cea09b-51d0-4975-a89f-f76778328af2	GET	/categories	http://localhost:5173
2024-05-18 15:24:57	28d2504d-df23-4c6f-9338-433df7e2a766	GET	/categories	http://localhost:5173
2024-05-18 15:24:57	9eb1afc0-21b3-44df-9852-3ee03e621533	GET	/subcategories	http://localhost:5173
2024-05-18 15:44:27	f8333b19-7f9e-456e-91ce-6615aefc12c3	GET	/categories	http://localhost:5173
2024-05-18 15:44:27	a1bb8ba5-5e19-4245-bed3-952d61eda4a7	GET	/subcategories	http://localhost:5173
2024-05-18 15:47:55	4822c284-59a7-464b-a5e9-bc97ed28e420	GET	/categories	http://localhost:5173
2024-05-18 15:47:55	2ae60d10-6af6-44c1-8cb6-ce17347d082e	GET	/subcategories	http://localhost:5173
2024-05-18 15:48:12	aa771ac2-cd48-495c-ad85-66c204e7d55d	GET	/categories	http://localhost:5173
2024-05-18 15:48:12	f6a14650-66ad-49fc-9fa3-adb871ac5d25	GET	/subcategories	http://localhost:5173
2024-05-18 15:50:26	a31420de-5c48-4017-aed0-82ab6d9ed113	GET	/categories	http://localhost:5173
2024-05-18 15:50:26	43674afd-69a0-4224-940d-051fd7c6cd75	GET	/subcategories	http://localhost:5173
2024-05-18 15:51:49	7fa4c8fa-546d-4008-8b3a-a899a1120cc8	GET	/categories	http://localhost:5173
2024-05-18 15:51:49	3637907d-3a53-4b98-8fd6-4c059c189be9	GET	/subcategories	http://localhost:5173
2024-05-18 15:55:26	c100686a-f8f4-435a-8460-91e629210fd7	GET	/categories	http://localhost:5173
2024-05-18 15:55:26	04cd9ddd-bde8-44b3-9774-a5e3b2d1f20b	GET	/subcategories	http://localhost:5173
2024-05-18 15:56:46	933085f8-79c2-4b91-b1fd-73810869664b	GET	/categories	http://localhost:5173
2024-05-18 15:56:46	bedaec57-33b6-444f-80b5-e5f1d1409279	GET	/subcategories	http://localhost:5173
2024-05-18 16:00:04	d6569838-48cd-45ac-b013-7097f17e2fbf	GET	/categories	http://localhost:5173
2024-05-18 16:00:05	d79ef4c2-121e-487e-bb42-d46792d6d1e1	GET	/subcategories	http://localhost:5173
2024-05-18 16:21:03	8ed2362b-bb17-4f0e-8850-ea91d69c5b57	GET	/subcategories	http://localhost:5173
2024-05-18 16:21:03	c25f971c-01b0-401b-ad50-225f3de6626d	GET	/categories	http://localhost:5173
2024-05-19 00:18:59	79bd9760-d674-4f99-b903-08e91d0d673d	GET	/subcategories	http://localhost:5173
2024-05-19 00:18:59	50298f2c-90aa-435d-b22a-af51c6b26528	GET	/categories	http://localhost:5173
2024-05-19 09:09:09	9653a324-53a6-46ab-9df8-39515970d79d	GET	/subcategories	http://localhost:5173
2024-05-19 09:09:10	00a972fe-11b0-4b9e-95c4-37ed3d676627	GET	/categories	http://localhost:5173
2024-05-19 17:43:25	e5819d57-9da5-460a-9ad1-8479d28d7c8a	GET	/subcategories	http://localhost:5173
2024-05-19 17:43:25	9f7f73c3-b22c-469e-9a9b-54212451f701	GET	/categories	http://localhost:5173
2024-05-20 11:19:35	6d0b2f3d-738d-4847-a8a1-35a06809c107	GET	/subcategories	http://localhost:5173
2024-05-20 11:19:35	5e239ab9-c902-4767-a604-af0b3cd61dbd	GET	/categories	http://localhost:5173
2024-05-20 12:24:14	787cef49-c509-4fe4-8ad6-9e2ee9cd90f2	GET	/subcategories	http://localhost:5173
2024-05-20 12:24:14	c94af0f4-1af8-43b6-9c47-b0a4bf888cd7	GET	/categories	http://localhost:5173
2024-05-20 21:45:02	cf4b2ca8-342f-45af-b739-c757cfd89f15	GET	/subcategories	http://localhost:5173
2024-05-20 21:45:02	d8911897-7680-4703-8b03-2eddc06bd7d9	GET	/categories	http://localhost:5173
2024-05-20 22:43:34	b6f51bea-2193-4bf1-a22a-0847a5afe58e	GET	/categories	http://localhost:5173
2024-05-20 22:43:34	e6bb6419-4811-4cc0-9ee6-ea73ec7edc1c	GET	/subcategories	http://localhost:5173
2024-05-20 22:45:16	86886b3a-00cf-4a45-b953-49543970d356	GET	/subcategories	http://localhost:5173
2024-05-20 22:45:16	902437f8-caef-4001-bee1-cb081dbe461a	GET	/categories	http://localhost:5173
2024-05-21 09:48:12	8509fc66-3b3f-4588-854d-85e6fde0ec38	GET	/subcategories	http://localhost:5173
2024-05-21 09:48:12	bcd5c8e3-e237-410c-bf38-d6b64bdd5b6f	GET	/categories	http://localhost:5173
2024-05-21 09:51:10	86fe3900-464c-46bd-ae43-ecb53e2b3d53	GET	/subcategories	http://localhost:5173
2024-05-21 09:51:10	bcd59c4c-9359-4bda-ac66-432172ff33b5	GET	/categories	http://localhost:5173
2024-05-21 09:57:02	b447016c-7375-435a-8ebc-7e5e9c2f6d00	GET	/subcategories	http://localhost:5173
2024-05-21 09:57:02	bd6029b0-5495-4164-a1c2-b540906278b8	GET	/categories	http://localhost:5173
2024-05-21 10:40:54	0237d035-353e-464a-b3d3-e6cfc4f6c55f	GET	/subcategories	http://localhost:5173
2024-05-21 10:40:54	cc0bc856-1230-4ead-ae07-32961a5b6852	GET	/categories	http://localhost:5173
2024-05-21 11:16:47	b469d8ce-cfb8-4080-ae8e-3a349256a1a5	GET	/subcategories	http://localhost:5173
2024-05-21 11:16:47	50bf2fa7-88e3-4b1c-b32a-d8d7826e7dda	GET	/categories	http://localhost:5173
2024-05-21 11:42:46	4ed8cd2c-f534-4c14-afd4-91136c1ceb88	GET	/subcategories	http://localhost:5173
2024-05-21 11:42:46	8822c60c-987a-4255-b3e7-bc7751cddb82	GET	/categories	http://localhost:5173
2024-05-21 11:53:53	26b20336-473e-40b4-bf32-688246edf107	GET	/categories	http://localhost:5173
2024-05-21 11:53:53	e9b74b6e-884b-49f5-b2ae-65ace7ce0768	GET	/subcategories	http://localhost:5173
2024-05-21 12:05:26	ffc41367-f072-4142-8e9a-f3e81b19429e	GET	/categories	http://localhost:5173
2024-05-21 12:05:26	b22a4755-c44c-48c1-9c58-e8461cedd4ba	GET	/subcategories	http://localhost:5173
2024-05-21 12:06:37	4e42ca8e-b36e-4eac-9d61-3a28aa72b91a	GET	/subcategories	http://localhost:5173
2024-05-21 12:06:37	a034f3c1-d830-41f3-8105-9f863c54fca2	GET	/categories	http://localhost:5173
2024-05-21 12:28:33	6fd03450-3355-4a07-8974-701f7ed29381	GET	/items	http://localhost:5173
2024-05-21 12:28:36	b5b2f31e-a8ce-44f1-89af-e916a52091cb	GET	/items	http://localhost:5173
2024-05-21 12:28:36	d5438aa3-d97f-455d-ab97-9a68d87088df	GET	/categories	http://localhost:5173
2024-05-21 12:28:36	5fe7dc39-427a-46bd-bc14-e7abfdecd6be	GET	/subcategories	http://localhost:5173
2024-05-21 12:29:11	67c4ac56-2192-4f83-9e0c-2c01d331da19	GET	/items	http://localhost:5173
2024-05-21 12:30:56	b39835a4-7396-493f-b0ce-ad97484c50d0	GET	/items	http://localhost:5173
2024-05-21 12:30:56	588c3a7a-3293-45e8-a8f5-ded436525412	GET	/categories	http://localhost:5173
2024-05-21 12:30:56	89dede1e-582d-44b0-b22e-0811ee8cf0e6	GET	/subcategories	http://localhost:5173
2024-05-21 12:31:53	731350ec-2b7a-4f26-a6af-841287fb5f29	GET	/categories	http://localhost:5173
2024-05-21 12:31:53	90ac50fb-0f69-4fb9-97eb-5fab12787cff	GET	/subcategories	http://localhost:5173
2024-05-21 12:31:53	c7d82cb2-39e1-4e97-8170-a00292127a9f	GET	/items	http://localhost:5173
2024-05-21 12:32:38	bc3ba413-a961-4eb7-876e-e6349f54c5f5	GET	/categories	http://localhost:5173
2024-05-21 12:32:38	9914f9a8-b547-4c02-b335-6be8d2c59f82	GET	/subcategories	http://localhost:5173
2024-05-21 12:32:38	9d969064-1684-4cfc-aeed-4e0c0f64012c	GET	/items	http://localhost:5173
2024-05-21 12:33:41	18c3feff-0c26-45a8-ac1a-1cf028189116	GET	/categories	http://localhost:5173
2024-05-21 12:33:41	e9f39593-97b2-4428-be76-8241d9bb6882	GET	/subcategories	http://localhost:5173
2024-05-21 12:33:41	b946ef78-6aa1-42f0-9177-3b702d5c3e83	GET	/items	http://localhost:5173
2024-05-21 12:35:18	cb582afe-4c87-4e78-ad05-d3821ce58d17	GET	/categories	http://localhost:5173
2024-05-21 12:35:18	1b50d3f5-b847-4e55-9487-d7457d67a5c8	GET	/subcategories	http://localhost:5173
2024-05-21 12:35:18	18e001c2-f459-43b2-bc56-74e177328d5b	GET	/items	http://localhost:5173
2024-05-21 12:46:09	aeb4acc6-fb26-495f-b9a1-c6c4aae46488	GET	/categories	http://localhost:5173
2024-05-21 12:46:09	2a7911b4-e9db-448f-ad0e-901363bcc9ad	GET	/subcategories	http://localhost:5173
2024-05-21 12:46:09	89b8354c-e1ab-40e3-80e1-56f3cbaed0b0	GET	/items	http://localhost:5173
2024-05-21 13:29:39	9a1e56b4-72f0-4825-acb7-56a6247fe1fd	GET	/subcategories	http://localhost:5173
2024-05-21 13:29:39	8ae3925e-e5af-47c2-b88c-33db4cf63b23	GET	/categories	http://localhost:5173
2024-05-21 13:29:39	c457d10f-069c-4ad9-8a30-2a2598aed986	GET	/items	http://localhost:5173
2024-05-21 13:54:07	ca186332-7b28-4cea-aaac-2da68104dec3	GET	/items	http://localhost:5173
2024-05-21 13:54:07	5bcd8d89-fe07-44b8-8949-424cdf1c5227	GET	/subcategories	http://localhost:5173
2024-05-21 13:54:07	f5ea6652-78f1-4dce-8c42-e903bd5de12f	GET	/categories	http://localhost:5173
2024-05-21 13:56:30	f6e48cd4-7b13-466c-8f4b-dc49467986aa	GET	/categories	http://localhost:5173
2024-05-21 13:56:30	eab52dba-9bba-4d91-8d39-12e36ebef12b	GET	/subcategories	http://localhost:5173
2024-05-21 13:56:30	5d30c6cd-68ef-4625-a32b-e977c1c164d2	GET	/items	http://localhost:5173
2024-05-21 13:59:27	9624e79b-f353-446c-abcd-3aba6c49f753	GET	/items	http://localhost:5173
2024-05-21 13:59:27	f24ee3de-9b70-4f7d-a83e-49d1c572861a	GET	/subcategories	http://localhost:5173
2024-05-21 13:59:27	7e9280db-294d-40b4-be63-d0838c7a0a06	GET	/categories	http://localhost:5173
2024-05-21 14:02:28	b782eef1-fbe2-472d-b2f4-6978cac7831b	GET	/categories	http://localhost:5173
2024-05-21 14:02:28	48bafbf9-8c1d-4ac1-baf2-344be3f2e69a	GET	/subcategories	http://localhost:5173
2024-05-21 14:02:28	7ba8cdf1-096e-4526-a15e-8b1900bb7a81	GET	/items	http://localhost:5173
2024-05-21 14:03:15	ab37b914-526b-4f6e-b0d3-fc2440d7380e	GET	/categories	http://localhost:5173
2024-05-21 14:03:15	d33b1d9b-09b7-48ef-843f-4be65b73f1e0	GET	/subcategories	http://localhost:5173
2024-05-21 14:03:15	51ef95b3-0fad-41f6-ba93-b68bc0f41f23	GET	/items	http://localhost:5173
2024-05-21 14:04:46	24b03d69-5099-4d97-b478-e1734ccc817f	GET	/categories	http://localhost:5173
2024-05-21 14:04:46	ec952091-e399-4a13-8d9f-262a86357567	GET	/subcategories	http://localhost:5173
2024-05-21 14:04:46	2eb29adb-c287-48b7-acce-36d210e7f985	GET	/items	http://localhost:5173
2024-05-21 14:06:04	b66daedf-2ba2-47cd-8639-6ad706e6f66f	GET	/categories	http://localhost:5173
2024-05-21 14:06:04	e6acf6ad-13b8-49b8-bbe3-16837efb8e94	GET	/subcategories	http://localhost:5173
2024-05-21 14:06:04	b8745999-6ef1-4b09-b36c-d11f95852be5	GET	/items	http://localhost:5173
2024-05-21 14:06:32	0f00de5f-f6b5-465e-960f-f7afb29ab68e	GET	/categories	http://localhost:5173
2024-05-21 14:06:32	411864fb-ff48-496e-bf63-5b4a9d138ef1	GET	/subcategories	http://localhost:5173
2024-05-21 14:06:32	898e301a-7de0-423e-bf0a-53edbb3198d8	GET	/items	http://localhost:5173
2024-05-21 14:08:01	9b7a283c-cc3e-46f4-aefc-85a1b127d379	GET	/categories	http://localhost:5173
2024-05-21 14:08:01	3e7126ef-704f-4ace-ad02-fd62bbae2f3d	GET	/subcategories	http://localhost:5173
2024-05-21 14:08:01	24d7c5b4-41de-4cdc-b2c6-2527cf355fcc	GET	/items	http://localhost:5173
2024-05-21 14:08:31	ea8e467c-e921-4b28-ba7a-9841860d62f8	GET	/subcategories	http://localhost:5173
2024-05-21 14:08:31	b62356e6-a956-435e-8bde-7d5a9c203ab0	GET	/categories	http://localhost:5173
2024-05-21 14:08:31	2ed84a15-5b82-4553-a293-15b9cbb5a350	GET	/items	http://localhost:5173
2024-05-21 14:10:02	063e8817-c217-4349-bb4a-aff14c00f24c	GET	/categories	http://localhost:5173
2024-05-21 14:10:02	989144fa-ac42-4a2d-956d-9ee175a3630d	GET	/subcategories	http://localhost:5173
2024-05-21 14:10:02	eb927823-5dde-4662-97dc-c1b78f97adbf	GET	/items	http://localhost:5173
2024-05-21 14:11:30	b4dffdb6-c96a-4162-be8b-0b2e31af94a1	GET	/categories	http://localhost:5173
2024-05-21 14:11:30	3310ec31-77a5-4842-a8e7-def84647ccde	GET	/subcategories	http://localhost:5173
2024-05-21 14:11:30	4cbf3cb7-dc9c-4bf4-b673-aefc280608b3	GET	/items	http://localhost:5173
2024-05-21 14:13:14	65a20a6a-3682-46e3-9ea8-b6c8f138ec39	GET	/subcategories	http://localhost:5173
2024-05-21 14:13:14	791463fb-791e-47ed-bc1a-7561ae1d184f	GET	/categories	http://localhost:5173
2024-05-21 14:13:14	bb8f8b4a-9671-4074-934a-a354cd9d4835	GET	/items	http://localhost:5173
2024-05-21 14:14:09	236940a6-4043-479d-b7e5-7496c3babf8d	GET	/categories	http://localhost:5173
2024-05-21 14:14:09	08e877e3-9bfb-4966-a494-f4229b5ba687	GET	/subcategories	http://localhost:5173
2024-05-21 14:14:09	45895bd7-1264-4e35-96a2-e232db6155fe	GET	/items	http://localhost:5173
2024-05-21 14:14:17	3360045d-ce45-4bef-93df-aaf095e08c4a	GET	/categories	http://localhost:5173
2024-05-21 14:14:17	fa7c8c36-49a6-455e-919a-5b0196064640	GET	/items	http://localhost:5173
2024-05-21 14:14:17	8c063373-6c85-4dca-9faa-f5b68f768270	GET	/subcategories	http://localhost:5173
2024-05-21 14:24:58	3c7f821b-9942-4ab5-840c-20b150b99eee	GET	/subcategories	http://localhost:5173
2024-05-21 14:24:58	38a18090-fa29-43bd-b767-df1e75abb472	GET	/categories	http://localhost:5173
2024-05-21 14:24:58	8ef7b858-27be-43b3-ae9e-01838e0bb548	GET	/items	http://localhost:5173
2024-05-21 14:34:04	c87d5b94-9efa-4cdc-bf9e-9315e7bb4bf9	GET	/subcategories	http://localhost:5173
2024-05-21 14:34:04	7b92527f-2134-4938-8c9a-e40385a049f3	GET	/items	http://localhost:5173
2024-05-21 14:34:04	cc47f9aa-8c5f-4d3f-9d60-43c701dcb059	GET	/categories	http://localhost:5173
2024-05-21 14:41:04	b6609b6c-33ea-4246-93e8-4b2412517b77	GET	/subcategories	http://localhost:5173
2024-05-21 14:41:04	aa64b91c-59df-485c-bee6-0a18669c90ef	GET	/categories	http://localhost:5173
2024-05-21 14:41:04	790af090-3d76-45f1-8fda-45beec9832fc	GET	/items	http://localhost:5173
2024-05-21 14:42:53	5e023a88-88cf-4a51-9bd9-ea78a7e5e3bd	GET	/categories	http://localhost:5173
2024-05-21 14:42:53	511c7ed0-d0ee-42c0-9c81-fb50071f3858	GET	/subcategories	http://localhost:5173
2024-05-21 14:42:53	0cef40d3-baac-442e-8d09-2dbbe8c37625	GET	/items	http://localhost:5173
2024-05-21 14:45:27	feb54a68-bba7-473f-8eb7-a6264b10dc04	GET	/categories	http://localhost:5173
2024-05-21 14:45:27	c3edaed2-92ad-4f31-9984-482bffcb385e	GET	/subcategories	http://localhost:5173
2024-05-21 14:45:27	62dc7669-3a42-47da-b9be-b763c1c5f677	GET	/items	http://localhost:5173
2024-05-21 14:46:14	8b6b0cc1-06ee-4c87-8a4d-6d90871a1b4a	GET	/categories	http://localhost:5173
2024-05-21 14:46:14	7c5aee79-45ee-4e40-84ef-9b66fe206856	GET	/subcategories	http://localhost:5173
2024-05-21 14:46:14	c7ecf421-d5c4-4e9e-9b33-c56d1eb95795	GET	/items	http://localhost:5173
2024-05-21 14:48:20	b5335331-8d2f-48d4-831a-b04d6175653e	GET	/categories	http://localhost:5173
2024-05-21 14:48:20	ecd72bd5-f725-402f-aa7a-506db3313678	GET	/subcategories	http://localhost:5173
2024-05-21 14:48:20	9cd9b3ae-daab-4e5f-9f91-dc8353e57b54	GET	/items	http://localhost:5173
2024-05-21 14:48:57	b2adca92-4fee-43f0-8013-6224369692bb	GET	/categories	http://localhost:5173
2024-05-21 14:48:57	9dcae213-59ef-4d0c-ae28-24810c50b7dc	GET	/subcategories	http://localhost:5173
2024-05-21 14:48:57	904d9088-8fba-4f25-b4da-0ebd2191a7e5	GET	/items	http://localhost:5173
2024-05-21 14:55:53	c79065da-2f1d-48a9-9f17-c70a0e771f96	GET	/subcategories	http://localhost:5173
2024-05-21 14:55:53	30ca81a4-5f1d-4efd-958f-ad01e967c989	GET	/categories	http://localhost:5173
2024-05-21 14:55:53	c8899ac8-9389-42c8-86e1-a85c65afaab4	GET	/items	http://localhost:5173
2024-05-21 15:06:46	9769d14f-fc07-403d-89ba-6d5d46ed3275	GET	/categories	http://localhost:5173
2024-05-21 15:06:46	9e259f16-090a-4103-b381-33eb7a952934	GET	/subcategories	http://localhost:5173
2024-05-21 15:06:46	d40dc754-b80d-49ff-8aef-dd429d1bce53	GET	/items	http://localhost:5173
2024-05-21 17:04:16	18f087ea-eb28-4646-af8c-c5ebe4884110	GET	/categories	http://localhost:5173
2024-05-21 17:04:16	f0f1d83f-3a99-469d-b8fa-d5b18174cb60	GET	/subcategories	http://localhost:5173
2024-05-21 17:04:16	7eb363ac-a97b-4069-9b93-fcca1cc71aea	GET	/items	http://localhost:5173
2024-05-21 17:12:36	f63bc9c7-5f37-48fa-a865-5e56a27bd3d7	GET	/categories	http://localhost:5173
2024-05-21 17:12:36	b5eba5a2-b7b3-479e-b445-b1cd7c62f696	GET	/subcategories	http://localhost:5173
2024-05-21 17:12:36	549e0582-7716-4e4f-890d-5580b205b23b	GET	/items	http://localhost:5173
2024-05-21 17:13:18	ac6ec1e6-d43b-4d76-bb46-bf3ded638ba4	GET	/categories	http://localhost:5173
2024-05-21 17:13:18	4b44280d-1c96-42d8-b011-9315fc13dc11	GET	/subcategories	http://localhost:5173
2024-05-21 17:13:18	f3500f57-3937-4b62-9e5a-eef589d7004e	GET	/items	http://localhost:5173
2024-05-21 17:14:01	e8c90873-32a5-481c-b32e-5446296a6caf	GET	/items	http://localhost:5173
2024-05-21 17:14:01	08586e1c-d947-4bc9-bed4-9bd556370965	GET	/categories	http://localhost:5173
2024-05-21 17:14:01	d2abdb50-4a07-4ed7-8e46-e9d0b298eb05	GET	/subcategories	http://localhost:5173
