2024-05-10 09:20:28	38f05513-9961-4cd6-a530-585fef365a24	GET	/categories/byName/Pants/Men	undefined
2024-05-10 09:20:28	7dff7875-ec25-4d4b-ad3c-f104f0355616	GET	/subcategories/byname/Trousers/Pants/Men	undefined
2024-05-10 09:20:29	033ab7fb-67b9-4744-8e9f-55e35bac76ad	POST	/items	undefined
2024-05-10 09:20:41	1374d02f-9d12-4a2e-8da7-6e15457f3c42	GET	/categories/byName/Pants/Men	undefined
2024-05-10 09:20:41	29b704e9-09ff-46b7-be9b-c4ab5e3717a0	GET	/subcategories/byname/Trousers/Pants/Men	undefined
2024-05-10 09:20:41	ae9be579-d7e0-457a-b5ab-1d14d66ad737	POST	/items	undefined
2024-05-10 19:02:37	48f9350c-696d-4d72-968e-c10c4caf9573	{message}
2024-05-10 19:02:37	c4630889-da05-4fe0-8894-f236a13a01e6	{message}
2024-05-10 19:02:37	d6582f7b-1f54-4bbf-90e3-5cd4369b1198	{message}
2024-05-10 19:03:18	b5b00214-41e2-45f5-a174-cf0752498be7	GET	/categories/byName/Pants/Men	undefined
2024-05-10 19:03:18	5fa9df65-42a9-473c-a917-8e910a4b7670	GET	/subcategories/byname/Trousers/Pants/Men	undefined
2024-05-10 19:03:18	ccdbcefa-581a-400b-8dd9-9aa690e16539	POST	/items	undefined
2024-05-10 19:28:36	a596a521-7784-47a7-998d-3b4cee3637ba	POST	/items	undefined
2024-05-11 22:39:33	d5eaf9d7-db98-424d-96ed-914fca6ae3ba	POST	/items	undefined
2024-05-11 22:39:38	2f777c2b-cb73-44fc-8e19-55c75357bcf0	POST	/categories	undefined
2024-05-11 22:39:38	26c82237-9c0f-445b-9503-a0cd520297bd	POST	/items	undefined
2024-05-11 22:39:44	40dd77a8-a742-4b08-8941-98b967690652	POST	/categories	undefined
2024-05-11 22:39:44	b726de17-26cd-49a2-b748-3a2f30d029b9	POST	/items	undefined
2024-05-11 22:39:53	b09f5d43-9c51-4f41-8d55-6be18f7edd77	POST	/items	undefined
2024-05-11 22:39:56	9b0dbcdd-9458-453b-993a-d2d4a16966ae	POST	/categories	undefined
2024-05-11 22:39:56	486f6f79-eb50-44a2-bfff-10543eea383f	POST	/items	undefined
2024-05-11 22:41:33	2a1fc638-5ee1-4ea3-a398-9e5eefb4c73d	POST	/items	undefined
2024-05-11 22:44:06	6fe2994c-8aec-46f4-8ebc-40a50c1c2877	POST	/items	undefined
2024-05-11 22:44:47	26743262-dfcd-4ce3-a51c-c74e7d9a60d6	POST	/items	undefined
2024-05-11 22:46:52	f7376b79-7011-485d-b86e-6cb7cec4ac84	POST	/items	undefined
2024-05-11 22:49:02	27e21d67-c143-42ce-b6db-73745940397a	POST	/items	undefined
2024-05-11 22:49:36	d9944831-3f03-4b07-b532-11ca3b16d4f4	POST	/items	undefined
2024-05-11 22:49:39	552cb84a-4971-4b21-8eca-aa4dee65f8a1	POST	/items	undefined
2024-05-11 22:49:42	41cd9838-3b6c-463f-8cd7-6ac14897e01b	POST	/items	undefined
2024-05-11 22:49:52	c37c3e02-0b44-4b1c-a4fc-166b351393dd	POST	/items	undefined
2024-05-11 22:49:54	40268815-c134-4118-80b7-1c65652b259b	POST	/items	undefined
2024-05-11 22:50:01	5db160d5-a128-4d68-819d-eacfd146310d	POST	/categories	undefined
2024-05-11 22:50:01	d4a1fbe2-a587-47ed-9241-f7c5e1de6926	POST	/subcategories	undefined
2024-05-11 22:50:01	c77d5a19-b023-4665-8147-e61ab3811e90	POST	/items	undefined
2024-05-11 22:50:10	000ea2e3-790e-4dc0-a522-dc3c3cb7e754	POST	/categories	undefined
2024-05-11 22:50:11	c46040f3-678b-48a6-9031-d6fdded29b67	POST	/items	undefined
2024-05-11 22:50:18	172383dd-28d9-49c6-bb8b-e91d926abdbd	POST	/items	undefined
2024-05-11 22:50:24	a60d113a-3fbb-4488-aa0d-c61e8ed83349	POST	/items	undefined
2024-05-11 22:52:17	de5ff8b5-0abb-4333-8c9e-ed539a6c15e2	POST	/items	undefined
2024-05-11 22:55:43	43bb1e1c-1311-4fac-9cc1-e77deebf1a92	POST	/items	undefined
2024-05-11 22:57:02	5f44edf6-6844-4af3-a5fc-dfcf9d2526c4	POST	/items	undefined
2024-05-11 22:57:05	008f87f5-3b31-483e-97fb-6f3a29a39eb0	POST	/items	undefined
2024-05-11 22:57:09	0717d2cf-8c64-4ab5-b9e2-97cd2719e259	POST	/items	undefined
2024-05-11 22:57:17	c3fcf2d9-9bad-4aa6-8ca2-9f3de827869d	POST	/items	undefined
2024-05-11 22:57:19	82ab9183-dabc-41ca-a8bc-d45f2a84515b	POST	/items	undefined
2024-05-11 22:57:25	54d2be93-7a34-4d01-8827-d3dc8e3b9c3d	POST	/items	undefined
2024-05-11 22:57:32	f490657d-3e50-4a6c-95ad-9a7272f13e67	POST	/items	undefined
2024-05-11 22:57:37	3d5c7f16-8ea4-4dd9-af1c-34557a514759	POST	/items	undefined
2024-05-11 22:57:41	433afc8d-37e9-4369-95d0-58050b513e96	POST	/items	undefined
2024-05-11 22:57:47	454a1d6a-bbed-4098-8656-c69327ffa3a7	POST	/items	undefined
2024-05-11 22:57:57	1c76ae8e-6600-4b51-914d-72ebf4e4a9ab	POST	/subcategories	undefined
2024-05-11 22:57:57	29792d89-0bb6-4f34-97a5-d5bd024b4439	POST	/items	undefined
2024-05-11 22:58:03	ba1fd3b0-7d04-4600-b236-e5c331514294	POST	/items	undefined
2024-05-11 22:58:11	cda3de5a-629c-48a9-9b5d-503b265c2445	POST	/items	undefined
2024-05-11 22:58:18	ee1bfb57-0b85-48fc-8113-42c61fb0b203	POST	/subcategories	undefined
2024-05-11 22:58:18	9a3f3ec2-de67-4894-929c-403e62e744ea	POST	/items	undefined
2024-05-11 22:58:27	ce108feb-aac3-48a4-b079-65b351fdff1a	POST	/items	undefined
2024-05-11 22:58:31	8f56ac69-3f1d-4e98-bdf0-6006d6ac5ecd	POST	/items	undefined
2024-05-11 22:58:36	164afb79-8356-48b1-8bf5-15064935201c	POST	/items	undefined
2024-05-11 22:58:45	5b360f67-e80b-4871-a8d8-66c24795fb0b	POST	/subcategories	undefined
2024-05-11 22:58:45	0cb1d19e-7e8f-48b9-8859-f13e59f8dbf2	POST	/items	undefined
2024-05-11 22:58:52	ca26f803-fe16-49a1-a00d-b5e656b55389	POST	/items	undefined
2024-05-11 22:59:00	64ca72ee-23b9-4a27-98fd-15221bbe5c81	POST	/items	undefined
2024-05-11 22:59:06	d0f3df1c-cd65-4caf-825c-07bc1b6c81ce	POST	/items	undefined
2024-05-11 22:59:15	1551e52a-6781-43c2-b14b-d7571e696e1e	POST	/items	undefined
2024-05-11 22:59:21	7a82e7e5-0926-4000-bbcb-ced7f55469f4	POST	/items	undefined
2024-05-11 22:59:33	0dcd3624-dc8c-40a7-ba9e-6d009eb65f52	POST	/items	undefined
2024-05-11 22:59:41	60de1517-71a4-44f8-b120-220865e3d970	POST	/items	undefined
2024-05-11 22:59:48	e8c8bb3d-2492-45bf-b007-bd22ee27e18d	POST	/subcategories	undefined
2024-05-11 22:59:48	3a51ae02-b689-4d9a-85eb-b99c1d08cd43	POST	/items	undefined
2024-05-11 22:59:53	1f26d183-8a77-4194-97bd-cc3cfcd1d979	POST	/subcategories	undefined
2024-05-11 22:59:53	2d3f27f1-49b4-4966-af48-4d5b6262d3fd	POST	/items	undefined
2024-05-11 22:59:58	4722b571-3b9f-4d9b-8a7a-978cd4fd813a	POST	/items	undefined
2024-05-11 23:00:02	81eaa7fe-9e78-4b1b-bc35-63bbaf784d6d	POST	/items	undefined
2024-05-11 23:00:09	350a5e3d-8b3d-4a25-a717-41c42e224fe8	POST	/items	undefined
2024-05-11 23:00:17	fdfab230-07bc-494e-b803-57c3757987e2	POST	/subcategories	undefined
2024-05-11 23:00:17	6d986df4-f38e-45b4-ae0b-ba156530fb0c	POST	/items	undefined
2024-05-11 23:00:25	791d0b2f-0b4a-4c13-ace2-26078953a873	POST	/items	undefined
2024-05-11 23:00:33	7f541093-94cf-46e4-9b75-0de60001bae8	POST	/items	undefined
2024-05-11 23:00:44	fa2adb83-3e60-446b-b3d5-ac2e3947149f	POST	/items	undefined
2024-05-11 23:00:52	76ff05ec-bf96-4e43-aa0b-497b7f719cc2	POST	/items	undefined
2024-05-11 23:01:00	c5c7fa6f-ba92-45ea-aece-a212d94e5680	POST	/items	undefined
2024-05-11 23:01:08	ac59077d-e00e-4d73-b268-45f51b93994f	POST	/items	undefined
2024-05-11 23:01:12	21464520-dd5f-4475-bff7-70344d0115d4	POST	/subcategories	undefined
2024-05-11 23:01:13	deb8fd32-c00a-4d5d-908e-4a108e4524ee	POST	/items	undefined
2024-05-11 23:01:16	23c09476-e5e1-4ce3-b4df-6728536a0035	POST	/items	undefined
2024-05-11 23:01:20	636d7e34-1994-415c-944e-4103d9ebd93d	POST	/items	undefined
2024-05-11 23:01:26	817cc69b-e571-462f-9317-33b87cbf239e	POST	/categories	undefined
2024-05-11 23:01:26	256a19d1-62f5-4981-9143-e27e753336f5	POST	/items	undefined
2024-05-11 23:01:33	bef6d32d-9378-445d-9dcb-bc94e6ecd9b8	POST	/subcategories	undefined
2024-05-11 23:01:33	e2eb6a14-f65f-42d7-87ee-93f21a0c3574	POST	/items	undefined
2024-05-11 23:01:39	f5090d1b-f2a8-4aae-bdbf-6e25d143658f	POST	/categories	undefined
2024-05-11 23:01:39	7c5ff7a9-1e17-4ca2-97c2-e08514240d2b	POST	/items	undefined
2024-05-11 23:01:46	de08ca1a-0a81-473c-a1c6-83a3224b48b3	POST	/items	undefined
2024-05-11 23:01:54	b6635bbd-2644-4501-ac7f-13ef587a07a2	POST	/categories	undefined
2024-05-11 23:01:54	9b8691a4-db31-4797-944b-c8e443c30817	POST	/items	undefined
2024-05-11 23:01:59	e4f6491a-76dd-4037-81ea-e78820a79854	POST	/items	undefined
2024-05-11 23:02:04	83478c4d-58ea-47ad-af6f-c3173d4f41ae	POST	/subcategories	undefined
2024-05-11 23:02:04	1dc77580-51a8-48b6-8a43-ad8371731467	POST	/items	undefined
2024-05-11 23:02:14	ca36611d-e8ff-448f-aa7a-b43fdd4cf866	POST	/items	undefined
2024-05-11 23:02:21	7f0c533c-bc05-4437-81b2-83ee06cd032c	POST	/items	undefined
2024-05-11 23:02:26	9caea4f3-2156-4ca8-883e-0d894ffed13e	POST	/items	undefined
2024-05-11 23:02:33	39f7ca40-33a1-4751-9a38-9ab3add4d88c	POST	/items	undefined
2024-05-11 23:02:39	d7aad559-f987-402d-83d7-76c764a51327	POST	/items	undefined
2024-05-11 23:02:45	30644c2f-b56b-436b-a092-6b38e45ca778	POST	/items	undefined
2024-05-11 23:02:55	dd68bb15-cc77-4a43-a211-441279ab216a	POST	/subcategories	undefined
2024-05-11 23:02:55	86c48d5c-a209-429c-8af2-3a0e4e2d071c	POST	/items	undefined
2024-05-11 23:03:04	c6f64e3d-d4f8-47f5-a3cd-9e1fc1c138ac	POST	/items	undefined
2024-05-11 23:03:13	e36de407-c39d-43e8-974d-d5bc56c19b66	POST	/items	undefined
2024-05-11 23:03:19	c8510132-fcf4-47ef-813d-3cd9b2ccb396	POST	/items	undefined
2024-05-11 23:03:28	0e67f080-0b11-49cc-b5a7-aef441d175e2	POST	/items	undefined
2024-05-11 23:03:40	43430e0e-25f3-4eb0-86ac-d0253854a7e1	POST	/items	undefined
2024-05-11 23:03:48	b8537074-9abd-4f9e-89d2-b12a8d1d9c2d	POST	/items	undefined
2024-05-11 23:03:53	9bddd6ca-c142-4e8b-bf75-6262d1c98c78	POST	/items	undefined
2024-05-11 23:03:59	e32fea61-4d7a-4458-abaf-5f42e51de256	POST	/items	undefined
2024-05-11 23:04:04	f4a3c8fa-d37e-45f8-9033-37a5b8c65275	POST	/items	undefined
2024-05-11 23:04:08	6cb1b830-04d1-46b6-ba92-0cdfb10ce50b	POST	/categories	undefined
2024-05-11 23:04:08	6fb54b9f-0704-4272-8e6e-9a5b9eba00ee	POST	/items	undefined
2024-05-11 23:04:15	04ecd6cb-43b7-4476-ae51-4e3e48604eb1	POST	/items	undefined
2024-05-11 23:04:21	b4b7ad9e-3bb5-4ab7-8534-e1d46c29515c	POST	/items	undefined
2024-05-11 23:04:28	2f4b477d-d2da-44fc-9c7d-6e26bee96dbf	POST	/items	undefined
2024-05-11 23:04:37	a3146c4b-b517-4ef6-9765-9cd2cecad246	POST	/items	undefined
2024-05-11 23:04:44	d77b0473-be18-4daf-9969-274de87044f2	POST	/items	undefined
2024-05-11 23:04:49	6a8c490d-f243-4815-b0b4-c6cb630815e6	POST	/categories	undefined
2024-05-11 23:04:49	c35feed3-13d3-429c-9ad1-82f4d111ca85	POST	/items	undefined
2024-05-11 23:04:54	5185df20-f1f9-42a1-b102-567eb7ebf118	POST	/items	undefined
2024-05-11 23:04:58	84504b18-9513-47db-9c13-d1294dc0b9ed	POST	/items	undefined
2024-05-11 23:05:05	85401a2e-4d5b-4d9f-b999-30fc7991267e	POST	/items	undefined
2024-05-11 23:05:13	28fba771-305c-4f07-8967-4bdb35f75848	POST	/items	undefined
2024-05-11 23:05:20	efbc5513-5458-4380-8bcb-7020a06a8f0c	POST	/items	undefined
2024-05-11 23:05:26	76daee1d-7ec1-4ab1-b02e-4dd624ee7d82	POST	/items	undefined
2024-05-11 23:05:32	093c76b2-938f-4778-a990-9c9ee0e86ca1	POST	/items	undefined
2024-05-11 23:05:42	a1595a34-5712-4efe-a7ee-32dc0ec3ab79	POST	/items	undefined
2024-05-11 23:05:49	b99c2749-a990-4722-8947-74243cf71b41	POST	/items	undefined
2024-05-11 23:05:55	8760b04f-0589-42e3-9934-8eb2e8aa0bcc	POST	/items	undefined
2024-05-11 23:06:01	65605f96-858f-41c2-a93f-7635cda14c6b	POST	/items	undefined
2024-05-11 23:06:10	382a53a7-e1c4-47f9-b2f1-96ac4bbce0d2	POST	/items	undefined
2024-05-11 23:06:22	0437bf72-382f-4a2c-910c-474410a6944d	POST	/items	undefined
2024-05-11 23:06:29	fde2b7cf-c3c8-43a9-b77b-ff08be5cb0d2	POST	/items	undefined
2024-05-11 23:06:38	52e346c9-90b0-4e9f-8b78-ea2f38a7bf6d	POST	/items	undefined
2024-05-11 23:06:43	9de65f37-32e1-4c68-aca3-e4347e6f9945	POST	/items	undefined
2024-05-11 23:06:55	c3d11aca-161b-45b0-b0f3-d9ddfdf6d886	POST	/items	undefined
2024-05-11 23:07:02	6bcacaaf-94cc-448b-b418-876f526a96ff	POST	/items	undefined
2024-05-11 23:07:12	dc09325b-fe69-440d-87fa-41fe0f254d68	POST	/items	undefined
2024-05-11 23:07:17	5218c0c3-858a-49a3-a5c3-e45d572c0fdf	POST	/items	undefined
2024-05-11 23:07:25	f898f9b5-c241-4d73-b836-7787634abb20	POST	/items	undefined
2024-05-11 23:07:34	414e7a3a-7e65-4b09-bf7c-ff583633aefd	POST	/items	undefined
2024-05-11 23:07:39	a6f1f068-9a87-483b-82ca-c7f7b30fc0c6	POST	/items	undefined
2024-05-11 23:07:43	5601a2c9-8a95-446c-b853-dbccaf65ee15	POST	/items	undefined
2024-05-11 23:07:50	c0d5ed0d-404a-41ef-a13e-85c703e5f0b5	POST	/items	undefined
2024-05-11 23:07:58	12ad9ecd-671f-4912-a42e-72ea63bdf28a	POST	/items	undefined
2024-05-11 23:08:06	95567bb9-a14c-41e8-ba92-13464f36a9e4	POST	/items	undefined
2024-05-11 23:08:11	f65f7e48-7c76-4b05-bbcd-6792566ad755	POST	/items	undefined
2024-05-11 23:08:17	84739bfc-da81-4599-af95-2605c4ac5a09	POST	/items	undefined
2024-05-11 23:08:22	eadc7aef-1eb8-4720-bbc9-8822903110ea	POST	/categories	undefined
2024-05-11 23:08:23	0eb18c20-c13e-477a-9650-f1555c96b606	POST	/items	undefined
2024-05-11 23:08:27	f4f874ed-b43c-4d0a-b189-d556fdbb5077	POST	/items	undefined
2024-05-11 23:08:33	b27ff56e-619d-4579-ba31-e3c5d3179236	POST	/items	undefined
2024-05-11 23:08:38	bf4b49df-8121-40fe-bfec-2050d2f24a2d	POST	/items	undefined
2024-05-11 23:08:47	aa6f06d4-8ca6-4a3f-a5f3-c77490d6f52d	POST	/items	undefined
2024-05-11 23:16:32	39ed2f36-8a32-450d-bbe4-87f55ad6ada7	POST	/items	undefined
2024-05-11 23:16:39	480e522c-3ff2-44a3-b6c0-ada01a68b873	POST	/items	undefined
2024-05-11 23:16:45	a8a877f0-5f49-4cb6-97ef-3a1245634dd3	POST	/items	undefined
2024-05-11 23:17:21	80bec938-02e1-4351-8c65-a66fcd2cf27b	POST	/items	undefined
2024-05-11 23:17:26	25af18a5-295a-46bc-b675-cc38911ab81b	POST	/items	undefined
2024-05-11 23:17:31	38b33504-f8c7-4ebb-9f91-dac7255ddb47	POST	/items	undefined
2024-05-12 08:12:31	67560bdb-b44c-4236-bc0f-dc0a902ce97d	POST	/items	undefined
2024-05-12 08:12:37	270accff-c16b-4197-a57a-b556e7228c02	POST	/items	undefined
2024-05-12 08:13:52	af1db7a4-5cc5-4c2c-a670-6e6b686c8ceb	POST	/items	undefined
2024-05-12 08:13:57	97e2e8bf-d3f4-43d1-9d07-236506cbd4af	POST	/subcategories	undefined
2024-05-12 08:13:57	b3ea72e9-f23b-486e-b2c2-f90f9b013fdf	POST	/items	undefined
2024-05-12 08:14:04	5e35f722-14cb-4436-bfb2-af39b2874bd4	POST	/items	undefined
